# JRE version: OpenJDK Runtime Environment (11.0.1+13) (build 11.0.1+13)
# Java VM: OpenJDK 64-Bit Server VM (11.0.1+13, mixed mode, tiered, compressed oops, g1 gc, windows-amd64)
Heap:
 garbage-first heap   total 491520K, used 300770K [0x0000000080000000, 0x0000000100000000)
  region size 1024K, 147 young (150528K), 8 survivors (8192K)
 Metaspace       used 153932K, capacity 157305K, committed 157644K, reserved 655360K
  class space    used 18202K, capacity 19542K, committed 19660K, reserved 516096K
GC Heap History (10 events):
Event: 895.320 GC heap before
{Heap before GC invocations=140 (full 0):
 garbage-first heap   total 491520K, used 410425K [0x0000000080000000, 0x0000000100000000)
  region size 1024K, 254 young (260096K), 9 survivors (9216K)
 Metaspace       used 143593K, capacity 146656K, committed 146892K, reserved 645120K
  class space    used 17045K, capacity 18263K, committed 18380K, reserved 516096K
}
Event: 895.357 GC heap after
{Heap after GC invocations=141 (full 0):
 garbage-first heap   total 491520K, used 161344K [0x0000000080000000, 0x0000000100000000)
  region size 1024K, 11 young (11264K), 11 survivors (11264K)
 Metaspace       used 143593K, capacity 146656K, committed 146892K, reserved 645120K
  class space    used 17045K, capacity 18263K, committed 18380K, reserved 516096K
}
Event: 898.412 GC heap before
{Heap before GC invocations=141 (full 0):
 garbage-first heap   total 491520K, used 413248K [0x0000000080000000, 0x0000000100000000)
  region size 1024K, 257 young (263168K), 11 survivors (11264K)
 Metaspace       used 143593K, capacity 146656K, committed 146892K, reserved 645120K
  class space    used 17045K, capacity 18263K, committed 18380K, reserved 516096K
}
Event: 898.468 GC heap after
{Heap after GC invocations=142 (full 0):
 garbage-first heap   total 491520K, used 163546K [0x0000000080000000, 0x0000000100000000)
  region size 1024K, 13 young (13312K), 13 survivors (13312K)
 Metaspace       used 143593K, capacity 146656K, committed 146892K, reserved 645120K
  class space    used 17045K, capacity 18263K, committed 18380K, reserved 516096K
}
Event: 902.719 GC heap before
{Heap before GC invocations=142 (full 0):
 garbage-first heap   total 491520K, used 424666K [0x0000000080000000, 0x0000000100000000)
  region size 1024K, 261 young (267264K), 13 survivors (13312K)
 Metaspace       used 143593K, capacity 146656K, committed 146892K, reserved 645120K
  class space    used 17045K, capacity 18263K, committed 18380K, reserved 516096K
}
Event: 902.751 GC heap after
{Heap after GC invocations=143 (full 0):
 garbage-first heap   total 491520K, used 151865K [0x0000000080000000, 0x0000000100000000)
  region size 1024K, 7 young (7168K), 7 survivors (7168K)
 Metaspace       used 143593K, capacity 146656K, committed 146892K, reserved 645120K
  class space    used 17045K, capacity 18263K, committed 18380K, reserved 516096K
}
Event: 907.000 GC heap before
{Heap before GC invocations=143 (full 0):
 garbage-first heap   total 491520K, used 416057K [0x0000000080000000, 0x0000000100000000)
  region size 1024K, 263 young (269312K), 7 survivors (7168K)
 Metaspace       used 143595K, capacity 146656K, committed 146892K, reserved 645120K
  class space    used 17045K, capacity 18263K, committed 18380K, reserved 516096K
}
Event: 907.029 GC heap after
{Heap after GC invocations=144 (full 0):
 garbage-first heap   total 491520K, used 151703K [0x0000000080000000, 0x0000000100000000)
  region size 1024K, 7 young (7168K), 7 survivors (7168K)
 Metaspace       used 143595K, capacity 146656K, committed 146892K, reserved 645120K
  class space    used 17045K, capacity 18263K, committed 18380K, reserved 516096K
}
Event: 918.004 GC heap before
{Heap before GC invocations=144 (full 0):
 garbage-first heap   total 491520K, used 423063K [0x0000000080000000, 0x0000000100000000)
  region size 1024K, 266 young (272384K), 7 survivors (7168K)
 Metaspace       used 149818K, capacity 153056K, committed 153292K, reserved 651264K
  class space    used 17838K, capacity 19098K, committed 19148K, reserved 516096K
}
Event: 918.035 GC heap after
{Heap after GC invocations=145 (full 0):
 garbage-first heap   total 491520K, used 153314K [0x0000000080000000, 0x0000000100000000)
  region size 1024K, 8 young (8192K), 8 survivors (8192K)
 Metaspace       used 149818K, capacity 153056K, committed 153292K, reserved 651264K
  class space    used 17838K, capacity 19098K, committed 19148K, reserved 516096K
}

